<?xml version="1.0" encoding="utf-8"?><testsuites name="pytest tests"><testsuite name="pytest" errors="0" failures="0" skipped="0" tests="5" time="10.476" timestamp="2026-03-16T22:09:34.136218+05:30" hostname="DESKTOP-O7OAPK0"><testcase classname="tests.test_feedback_form" name="test_form_page_loads" time="5.060" /><testcase classname="tests.test_feedback_form" name="test_successful_submission_shows_toast" time="1.166" /><testcase classname="tests.test_feedback_form" name="test_validation_errors_for_blank_required_fields" time="0.241" /><testcase classname="tests.test_feedback_form" name="test_invalid_email_and_phone_validation" time="0.565" /><testcase classname="tests.test_feedback_form" name="test_reset_button_clears_fields" time="3.135" /></testsuite></testsuites>